[[BUSE]]{macro: autolabel} DEBUG: Current version: 1.0
[[BUSE]]{macro: autolabel} DEBUG: Current version: 1.0
[[BUSE]]{macro: autolabel} DEBUG: Current version: 1.0
[[BUSE]]{macro: autolabel} DEBUG: Current version: 1.0
[[BUSE]]{macro: autolabel} DEBUG: Current version: 1.0
[[BUSE]]{macro: autolabel} DEBUG: Current version: 1.0
[[BUSE]]{macro: autolabel} DEBUG: Current version: 1.0
[[BUSE]]{macro: autolabel} DEBUG: Current version: 1.0
[[BUSE]]{macro: autolabel} DEBUG: Current version: 1.0
[[BUSE]]{macro: autolabel} DEBUG: Current version: 1.0
[[BUSE]]{macro: autolabel} DEBUG: Current version: 1.0
[[BUSE]]{macro: autolabel} DEBUG: Current version: 1.0
[[BUSE]]{macro: autolabel} DEBUG: Current version: 1.0
[[BUSE]]{macro: autolabel} DEBUG: Current version: 1.0
[[BUSE]]{macro: autolabel} DEBUG: Current version: 1.0
[[BUSE]]{macro: autolabel} DEBUG: Current version: 1.0
[[BUSE]]{macro: autolabel} DEBUG: Current version: 1.0
[[BUSE]]{macro: autolabel} DEBUG: Current version: 1.0
[[BUSE]]{macro: autolabel} ERROR: Erreur SQL INSERT
[[BUSE]]{macro: autolabel} ERROR: Erreur SQL INSERT
[[BUSE]]{macro: autolabel} ERROR: Erreur SQL INSERT
[[BUSE]]{macro: autolabel} DEBUG: Current version: 1.0
[[BUSE]]{macro: autolabel} DEBUG: Current version: 1.0
[[BUSE]]{macro: autolabel} DEBUG: Current version: 1.0
[[BUSE]]{macro: autolabel} DEBUG: Current version: 1.0
[[BUSE]]{macro: autolabel} DEBUG: Current version: 1.0
[[BUSE]]{macro: autolabel} DEBUG: Current version: 1.0
[[BUSE]]{macro: autolabel} DEBUG: Current version: 1.0
[[BUSE]]{macro: autolabel} DEBUG: Current version: 1.0
[[BUSE]]{macro: autolabel} DEBUG: Current version: 1.0
[[BUSE]]{macro: autolabel} DEBUG: Current version: 1.0
[[BUSE]]{macro: autolabel} DEBUG: Current version: 1.0
[[BUSE]]{macro: autolabel} DEBUG: Current version: 1.0
[[BUSE]]{macro: autolabel} DEBUG: Current version: 1.0
[[BUSE]]{macro: autolabel} DEBUG: Current version: 1.0
[[BUSE]]{macro: autolabel} WARNING: E_WARNING: Undefined array key ""
[[BUSE]]{macro: autolabel} WARNING: E_WARNING: Undefined array key ""
[[BUSE]]{macro: autolabel} WARNING: E_WARNING: Undefined array key ""
[[BUSE]]{macro: autolabel} WARNING: E_WARNING: Undefined array key ""
[[BUSE]]{macro: autolabel} ERROR: Uncaught Exception Twig\Error\LoaderError: "Unable to find template "main/subpages/main.twig" (looked into: /var/www/html/buse/public/views) in "main/main.twig" at line 33." at /var/www/html/buse/vendor/twig/twig/src/Loader/FilesystemLoader.php line 234
[[BUSE]]{macro: autolabel} DEBUG: Current version: 1.0
[[BUSE]]{macro: autolabel} DEBUG: Current version: 1.0
[[BUSE]]{macro: autolabel} WARNING: E_WARNING: Undefined array key ""
[[BUSE]]{macro: autolabel} WARNING: E_WARNING: Undefined array key ""
[[BUSE]]{macro: autolabel} WARNING: E_WARNING: Undefined array key ""
[[BUSE]]{macro: autolabel} WARNING: E_WARNING: Undefined array key ""
[[BUSE]]{macro: autolabel} ERROR: Uncaught Exception Twig\Error\LoaderError: "Unable to find template "main/subpages/main.twig" (looked into: /var/www/html/buse/public/views) in "main/main.twig" at line 33." at /var/www/html/buse/vendor/twig/twig/src/Loader/FilesystemLoader.php line 234
[[BUSE]]{macro: autolabel} DEBUG: Current version: 1.0
[[BUSE]]{macro: autolabel} DEBUG: Current version: 1.0
[[BUSE]]{macro: autolabel} DEBUG: Current version: 1.0
[[BUSE]]{macro: autolabel} WARNING: E_WARNING: Undefined array key ""
[[BUSE]]{macro: autolabel} WARNING: E_WARNING: Undefined array key ""
[[BUSE]]{macro: autolabel} WARNING: E_WARNING: Undefined array key ""
[[BUSE]]{macro: autolabel} WARNING: E_WARNING: Undefined array key ""
[[BUSE]]{macro: autolabel} ERROR: Uncaught Exception Twig\Error\LoaderError: "Unable to find template "main/subpages/main.twig" (looked into: /var/www/html/buse/public/views) in "main/main.twig" at line 33." at /var/www/html/buse/vendor/twig/twig/src/Loader/FilesystemLoader.php line 234
[[BUSE]]{macro: autolabel} DEBUG: Current version: 1.0
[[BUSE]]{macro: autolabel} DEBUG: Current version: 1.0
[[BUSE]]{macro: autolabel} DEBUG: Current version: 1.0
[[BUSE]]{macro: autolabel} WARNING: E_WARNING: Undefined array key ""
[[BUSE]]{macro: autolabel} WARNING: E_WARNING: Undefined array key ""
[[BUSE]]{macro: autolabel} WARNING: E_WARNING: Undefined array key ""
[[BUSE]]{macro: autolabel} WARNING: E_WARNING: Undefined array key ""
[[BUSE]]{macro: autolabel} ERROR: Uncaught Exception Twig\Error\LoaderError: "Unable to find template "main/subpages/main.twig" (looked into: /var/www/html/buse/public/views) in "main/main.twig" at line 33." at /var/www/html/buse/vendor/twig/twig/src/Loader/FilesystemLoader.php line 234
[[BUSE]]{macro: autolabel} DEBUG: Current version: 1.0
[[BUSE]]{macro: autolabel} DEBUG: Current version: 1.0
[[BUSE]]{macro: autolabel} DEBUG: Current version: 1.0
[[BUSE]]{macro: autolabel} DEBUG: Current version: 1.0
[[BUSE]]{macro: autolabel} DEBUG: Current version: 1.0
[[BUSE]]{macro: autolabel} DEBUG: Current version: 1.0
[[BUSE]]{macro: autolabel} DEBUG: Current version: 1.0
[[BUSE]]{macro: autolabel} DEBUG: Current version: 1.0
[[BUSE]]{macro: autolabel} DEBUG: Current version: 1.0
[[BUSE]]{macro: autolabel} DEBUG: Current version: 1.0
[[BUSE]]{macro: autolabel} DEBUG: Current version: 1.0
[[BUSE]]{macro: autolabel} DEBUG: Current version: 1.0
[[BUSE]]{macro: autolabel} DEBUG: Current version: 1.0
[[BUSE]]{macro: autolabel} DEBUG: Current version: 1.0
[[BUSE]]{macro: autolabel} DEBUG: Current version: 1.0
[[BUSE]]{macro: autolabel} DEBUG: Current version: 1.0
[[BUSE]]{macro: autolabel} DEBUG: Current version: 1.0
[[BUSE]]{macro: autolabel} DEBUG: Current version: 1.0
[[BUSE]]{macro: autolabel} DEBUG: Current version: 1.0
[[BUSE]]{macro: autolabel} DEBUG: Current version: 1.0
[[BUSE]]{macro: autolabel} DEBUG: Current version: 1.0
[[BUSE]]{macro: autolabel} DEBUG: Current version: 1.0
[[BUSE]]{macro: autolabel} DEBUG: Current version: 1.0
[[BUSE]]{macro: autolabel} DEBUG: Current version: 1.0
[[BUSE]]{macro: autolabel} DEBUG: Current version: 1.0
[[BUSE]]{macro: autolabel} DEBUG: Current version: 1.0
[[BUSE]]{macro: autolabel} DEBUG: Current version: 1.0
[[BUSE]]{macro: autolabel} DEBUG: Current version: 1.0
[[BUSE]]{macro: autolabel} DEBUG: Current version: 1.0
[[BUSE]]{macro: autolabel} DEBUG: Current version: 1.0
[[BUSE]]{macro: autolabel} DEBUG: Current version: 1.0
[[BUSE]]{macro: autolabel} DEBUG: Current version: 1.0
[[BUSE]]{macro: autolabel} DEBUG: Current version: 1.0
[[BUSE]]{macro: autolabel} DEBUG: Current version: 1.0
[[BUSE]]{macro: autolabel} DEBUG: Current version: 1.0
[[BUSE]]{macro: autolabel} ERROR: Erreur SQL INSERT
[[BUSE]]{macro: autolabel} DEBUG: Current version: 1.0
[[BUSE]]{macro: autolabel} DEBUG: Current version: 1.0
[[BUSE]]{macro: autolabel} DEBUG: Current version: 1.0
[[BUSE]]{macro: autolabel} DEBUG: Current version: 1.0
[[BUSE]]{macro: autolabel} DEBUG: Current version: 1.0
[[BUSE]]{macro: autolabel} DEBUG: Current version: 1.0
[[BUSE]]{macro: autolabel} DEBUG: Current version: 1.0
[[BUSE]]{macro: autolabel} DEBUG: Current version: 1.0
[[BUSE]]{macro: autolabel} DEBUG: Current version: 1.0
[[BUSE]]{macro: autolabel} DEBUG: Current version: 1.0
[[BUSE]]{macro: autolabel} DEBUG: Current version: 1.0
[[BUSE]]{macro: autolabel} DEBUG: Current version: 1.0
[[BUSE]]{macro: autolabel} DEBUG: Current version: 1.0
[[BUSE]]{macro: autolabel} DEBUG: Current version: 1.0
[[BUSE]]{macro: autolabel} DEBUG: Current version: 1.0
[[BUSE]]{macro: autolabel} DEBUG: Current version: 1.0
[[BUSE]]{macro: autolabel} DEBUG: Current version: 1.0
[[BUSE]]{macro: autolabel} DEBUG: Current version: 1.0
[[BUSE]]{macro: autolabel} WARNING: E_WARNING: Trying to access array offset on value of type null
[[BUSE]]{macro: autolabel} WARNING: E_WARNING: Trying to access array offset on value of type null
[[BUSE]]{macro: autolabel} ERROR: Uncaught Exception Exception: "Page file not found: /var/www/html/buse/public/pages/.php" at /var/www/html/buse/public/pages/index/fonctions/indexFcts.php line 63
[[BUSE]]{macro: autolabel} DEBUG: Current version: 1.0
[[BUSE]]{macro: autolabel} WARNING: E_WARNING: Trying to access array offset on value of type null
[[BUSE]]{macro: autolabel} WARNING: E_WARNING: Trying to access array offset on value of type null
[[BUSE]]{macro: autolabel} ERROR: Uncaught Exception Exception: "Page file not found: /var/www/html/buse/public/pages/.php" at /var/www/html/buse/public/pages/index/fonctions/indexFcts.php line 63
[[BUSE]]{macro: autolabel} ALERT: Fatal Error (E_ERROR): Cannot redeclare initVars() (previously declared in /var/www/html/buse/public/pages/commun/init.php:157)
[[BUSE]]{macro: autolabel} DEBUG: Current version: 1.0
[[BUSE]]{macro: autolabel} ERROR: Uncaught Exception Exception: "Page file not found: /var/www/html/buse/public/pages/.php" at /var/www/html/buse/public/pages/commun/init.php line 230
[[BUSE]]{macro: autolabel} DEBUG: Current version: 1.0
[[BUSE]]{macro: autolabel} DEBUG: Current version: 1.0
[[BUSE]]{macro: autolabel} ERROR: Uncaught Exception Error: "Undefined constant "SUBPAGES_MAIN_LIST"" at /var/www/html/buse/public/pages/main/main.php line 21
[[BUSE_LOGGER]]{macro: autolabel} ERROR: Erreur d'initialisation de Twig
[[BUSE_LOGGER]]{macro: autolabel} WARNING: E_WARNING: Undefined variable $config
[[BUSE]]{macro: autolabel} DEBUG: Current version: 1.0
[[BUSE]]{macro: autolabel} ERROR: Uncaught Exception Twig\Error\RuntimeError: "An exception has been thrown during the rendering of a template ("Twig\Environment::getTemplateClass(): Argument #1 ($name) must be of type string, null given, called in /var/www/html/buse/vendor/twig/twig/src/Template.php on line 296")." at /var/www/html/buse/public/views/main/main.twig line 33
[[BUSE]]{macro: autolabel} DEBUG: Current version: 1.0
[[BUSE]]{macro: autolabel} ERROR: Uncaught Exception Twig\Error\RuntimeError: "An exception has been thrown during the rendering of a template ("Twig\Environment::getTemplateClass(): Argument #1 ($name) must be of type string, null given, called in /var/www/html/buse/vendor/twig/twig/src/Template.php on line 296")." at /var/www/html/buse/public/views/main/main.twig line 33
[[BUSE_LOGGER]]{macro: autolabel} ERROR: Erreur de connexion à la base de données
[[BUSE]]{macro: autolabel} DEBUG: Current version: 1.0
[[BUSE]]{macro: autolabel} ERROR: Uncaught Exception Error: "Call to undefined function initVars()" at /var/www/html/buse/index.php line 43
[[BUSE]]{macro: autolabel} DEBUG: Current version: 1.0
[[BUSE]]{macro: autolabel} DEBUG: Current version: 1.0
[[BUSE]]{macro: autolabel} DEBUG: Current version: 1.0
[[BUSE]]{macro: autolabel} DEBUG: Current version: 1.0
[[BUSE]]{macro: autolabel} DEBUG: Current version: 1.0
[[BUSE]]{macro: autolabel} DEBUG: Current version: 1.0
[[BUSE]]{macro: autolabel} ERROR: Uncaught Exception Twig\Error\RuntimeError: "An exception has been thrown during the rendering of a template ("Twig\Environment::getTemplateClass(): Argument #1 ($name) must be of type string, null given, called in /var/www/html/buse/vendor/twig/twig/src/Template.php on line 296")." at /var/www/html/buse/public/views/main/main.twig line 33
[[BUSE]]{macro: autolabel} DEBUG: Current version: 1.0
[[BUSE]]{macro: autolabel} ERROR: Uncaught Exception Twig\Error\RuntimeError: "An exception has been thrown during the rendering of a template ("Twig\Environment::getTemplateClass(): Argument #1 ($name) must be of type string, null given, called in /var/www/html/buse/vendor/twig/twig/src/Template.php on line 296")." at /var/www/html/buse/public/views/main/main.twig line 33
[[BUSE]]{macro: autolabel} DEBUG: Current version: 1.0
[[BUSE]]{macro: autolabel} ERROR: Uncaught Exception Twig\Error\RuntimeError: "An exception has been thrown during the rendering of a template ("Twig\Environment::getTemplateClass(): Argument #1 ($name) must be of type string, null given, called in /var/www/html/buse/vendor/twig/twig/src/Template.php on line 296")." at /var/www/html/buse/public/views/main/main.twig line 33
[[BUSE]]{macro: autolabel} DEBUG: Current version: 1.0
[[BUSE]]{macro: autolabel} DEBUG: Current version: 1.0
[[BUSE]]{macro: autolabel} DEBUG: Current version: 1.0
[[BUSE]]{macro: autolabel} DEBUG: Current version: 1.0
[[BUSE]]{macro: autolabel} DEBUG: Current version: 1.0
[[BUSE]]{macro: autolabel} ERROR: Uncaught Exception Exception: "Page file not found: /var/www/html/buse/public/pages/maj/maj.php" at /var/www/html/buse/public/pages/index/fonctions/indexFcts.php line 63
[[BUSE]]{macro: autolabel} DEBUG: Current version: 1.0
[[BUSE]]{macro: autolabel} DEBUG: Current version: 1.0
[[BUSE]]{macro: autolabel} ERROR: Uncaught Exception Exception: "Page file not found: /var/www/html/buse/public/pages/maj/maj.php" at /var/www/html/buse/public/pages/index/fonctions/indexFcts.php line 63
[[BUSE]]{macro: autolabel} WARNING: E_WARNING: Undefined property: Commun\Config\Config::$loaded
[[BUSE]]{macro: autolabel} WARNING: E_WARNING: Undefined property: Commun\Config\Config::$loaded
[[BUSE]]{macro: autolabel} WARNING: E_WARNING: Undefined property: Commun\Config\Config::$loaded
[[BUSE]]{macro: autolabel} WARNING: E_WARNING: Undefined property: Commun\Config\Config::$loaded
[[BUSE]]{macro: autolabel} WARNING: E_WARNING: Undefined property: Commun\Config\Config::$loaded
[[BUSE]]{macro: autolabel} DEBUG: Current version: 1.0
[[BUSE]]{macro: autolabel} ERROR: Uncaught Exception Exception: "Page file not found: /var/www/html/buse/public/pages/maj/maj.php" at /var/www/html/buse/public/pages/index/fonctions/indexFcts.php line 63
[[BUSE]]{macro: autolabel} DEBUG: Current version: 1.0
[[BUSE]]{macro: autolabel} ERROR: Uncaught Exception Exception: "Page file not found: /var/www/html/buse/public/pages/maj/maj.php" at /var/www/html/buse/public/pages/index/fonctions/indexFcts.php line 63
[[BUSE]]{macro: autolabel} DEBUG: Current version: 1.0
[[BUSE]]{macro: autolabel} ERROR: Uncaught Exception Exception: "Page file not found: /var/www/html/buse/public/pages/maj/maj.php" at /var/www/html/buse/public/pages/index/fonctions/indexFcts.php line 63
[[BUSE]]{macro: autolabel} DEBUG: Current version: 1.0
[[BUSE]]{macro: autolabel} ERROR: Uncaught Exception Exception: "Page file not found: /var/www/html/buse/public/pages/maj/maj.php" at /var/www/html/buse/public/pages/index/fonctions/indexFcts.php line 63
[[BUSE]]{macro: autolabel} DEBUG: Current version: 1.0
[[BUSE]]{macro: autolabel} ERROR: Uncaught Exception Exception: "Page file not found: /var/www/html/buse/public/pages/maj/maj.php" at /var/www/html/buse/public/pages/index/fonctions/indexFcts.php line 63
[[BUSE]]{macro: autolabel} DEBUG: Current version: 1.0
[[BUSE]]{macro: autolabel} ERROR: Uncaught Exception Exception: "Page file not found: /var/www/html/buse/public/pages/maj/maj.php" at /var/www/html/buse/public/pages/index/fonctions/indexFcts.php line 63
[[BUSE]]{macro: autolabel} DEBUG: Current version: 1.0
[[BUSE]]{macro: autolabel} DEBUG: Current version: 1.0
[[BUSE]]{macro: autolabel} DEBUG: Current version: 1.0
[[BUSE]]{macro: autolabel} DEBUG: Current version: 1.0
[[BUSE]]{macro: autolabel} DEBUG: Current version: 1.0
[[BUSE]]{macro: autolabel} DEBUG: Current version: 1.0
[[BUSE]]{macro: autolabel} DEBUG: Current version: 1.0
[[BUSE]]{macro: autolabel} DEBUG: Current version: 1.0
[[BUSE]]{macro: autolabel} DEBUG: Current version: 1.0
[[BUSE]]{macro: autolabel} DEBUG: Current version: 1.0
[[BUSE]]{macro: autolabel} DEBUG: Current version: 1.0
[[BUSE]]{macro: autolabel} DEBUG: Current version: 1.0
[[BUSE]]{macro: autolabel} DEBUG: Current version: 1.0
[[BUSE]]{macro: autolabel} DEBUG: Current version: 1.0
[[BUSE]]{macro: autolabel} DEBUG: Current version: 1.0
[[BUSE]]{macro: autolabel} DEBUG: Current version: 1.0
[[BUSE]]{macro: autolabel} DEBUG: Current version: 1.0
[[BUSE]]{macro: autolabel} DEBUG: Current version: 1.0
[[BUSE]]{macro: autolabel} DEBUG: Current version: 1.0
[[BUSE]]{macro: autolabel} DEBUG: Current version: 1.0
[[BUSE]]{macro: autolabel} DEBUG: Current version: 1.0
[[BUSE]]{macro: autolabel} DEBUG: Current version: 1.0
[[BUSE]]{macro: autolabel} DEBUG: Current version: 1.0
[[BUSE]]{macro: autolabel} WARNING: E_WARNING: require_once(/var/www/html/buse/public/pages/commun/init.php): Failed to open stream: No such file or directory
[[BUSE]]{macro: autolabel} ERROR: Uncaught Exception Error: "Failed opening required '/var/www/html/buse/public/pages/commun/init.php' (include_path='.:/usr/share/php')" at /var/www/html/buse/public/origin/index/fonctions/indexFcts.php line 3
[[BUSE]]{macro: autolabel} WARNING: E_WARNING: require_once(/var/www/html/buse/public/pages/commun/init.php): Failed to open stream: No such file or directory
[[BUSE]]{macro: autolabel} ERROR: Uncaught Exception Error: "Failed opening required '/var/www/html/buse/public/pages/commun/init.php' (include_path='.:/usr/share/php')" at /var/www/html/buse/public/origin/index/fonctions/indexFcts.php line 3
[[BUSE]]{macro: autolabel} DEBUG: Current version: 1.0
[[BUSE]]{macro: autolabel} WARNING: E_WARNING: require_once(/var/www/html/buse/public/pages/commun/init.php): Failed to open stream: No such file or directory
[[BUSE]]{macro: autolabel} ERROR: Uncaught Exception Error: "Failed opening required '/var/www/html/buse/public/pages/commun/init.php' (include_path='.:/usr/share/php')" at /var/www/html/buse/public/origin/main/main.php line 3
[[BUSE]]{macro: autolabel} DEBUG: Current version: 1.0
[[BUSE]]{macro: autolabel} DEBUG: Current version: 1.0
[[BUSE]]{macro: autolabel} DEBUG: Current version: 1.0
[[BUSE]]{macro: autolabel} DEBUG: Current version: 1.0
[[BUSE]]{macro: autolabel} DEBUG: Current version: 1.0
[[BUSE]]{macro: autolabel} DEBUG: Current version: 1.0
[[BUSE]]{macro: autolabel} DEBUG: Current version: 1.0
[[BUSE]]{macro: autolabel} DEBUG: Current version: 1.0
[[BUSE]]{macro: autolabel} DEBUG: Current version: 1.0
[[BUSE]]{macro: autolabel} DEBUG: Current version: 1.0
[[BUSE]]{macro: autolabel} DEBUG: Current version: 1.0
[[BUSE]]{macro: autolabel} DEBUG: Current version: 1.0
[[BUSE]]{macro: autolabel} DEBUG: Current version: 1.0
[[BUSE]]{macro: autolabel} DEBUG: Current version: 1.0
[[BUSE]]{macro: autolabel} DEBUG: Current version: 1.0
[[BUSE]]{macro: autolabel} DEBUG: Current version: 1.0
[[BUSE]]{macro: autolabel} DEBUG: Current version: 1.0
[[BUSE]]{macro: autolabel} DEBUG: Current version: 1.0
[[BUSE]]{macro: autolabel} DEBUG: Current version: 1.0
[[BUSE]]{macro: autolabel} DEBUG: Current version: 1.0
[[BUSE]]{macro: autolabel} DEBUG: Current version: 1.0
[[BUSE]]{macro: autolabel} DEBUG: Current version: 1.0
[[BUSE]]{macro: autolabel} DEBUG: Current version: 1.0
[[BUSE]]{macro: autolabel} DEBUG: Current version: 1.0
[[BUSE]]{macro: autolabel} DEBUG: Current version: 1.0
[[BUSE]]{macro: autolabel} DEBUG: Current version: 1.0
[[BUSE]]{macro: autolabel} DEBUG: Current version: 1.0
[[BUSE]]{macro: autolabel} DEBUG: Current version: 1.0
[[BUSE]]{macro: autolabel} DEBUG: Current version: 1.0
[[BUSE]]{macro: autolabel} DEBUG: Current version: 1.0
[[BUSE]]{macro: autolabel} DEBUG: Current version: 1.0
[[BUSE]]{macro: autolabel} DEBUG: Current version: 1.0
[[BUSE]]{macro: autolabel} DEBUG: Current version: 1.0
[[BUSE]]{macro: autolabel} DEBUG: Current version: 1.0
[[BUSE]]{macro: autolabel} DEBUG: Current version: 1.0
[[BUSE]]{macro: autolabel} DEBUG: Current version: 1.0
[[BUSE]]{macro: autolabel} DEBUG: Current version: 1.0
[[BUSE]]{macro: autolabel} DEBUG: Current version: 1.0
[[BUSE]]{macro: autolabel} DEBUG: Current version: 1.0
[[BUSE]]{macro: autolabel} DEBUG: Current version: 1.0
[[BUSE]]{macro: autolabel} DEBUG: Current version: 1.0
[[BUSE]]{macro: autolabel} WARNING: E_WARNING: Undefined array key ""
[[BUSE]]{macro: autolabel} WARNING: E_WARNING: Undefined array key ""
[[BUSE]]{macro: autolabel} WARNING: E_WARNING: Undefined array key ""
[[BUSE]]{macro: autolabel} WARNING: E_WARNING: Undefined array key ""
[[BUSE]]{macro: autolabel} ERROR: Uncaught Exception Twig\Error\LoaderError: "Unable to find template "main/subpages/main.twig" (looked into: /var/www/html/buse/public/views) in "main/main.twig" at line 32." at /var/www/html/buse/vendor/twig/twig/src/Loader/FilesystemLoader.php line 234
[[BUSE]]{macro: autolabel} DEBUG: Current version: 1.0
[[BUSE]]{macro: autolabel} DEBUG: Current version: 1.0
[[BUSE]]{macro: autolabel} DEBUG: Current version: 1.0
[[BUSE]]{macro: autolabel} WARNING: E_WARNING: Undefined array key ""
[[BUSE]]{macro: autolabel} WARNING: E_WARNING: Undefined array key ""
[[BUSE]]{macro: autolabel} WARNING: E_WARNING: Undefined array key ""
[[BUSE]]{macro: autolabel} WARNING: E_WARNING: Undefined array key ""
[[BUSE]]{macro: autolabel} ERROR: Uncaught Exception Twig\Error\LoaderError: "Unable to find template "main/subpages/main.twig" (looked into: /var/www/html/buse/public/views) in "main/main.twig" at line 32." at /var/www/html/buse/vendor/twig/twig/src/Loader/FilesystemLoader.php line 234
[[BUSE]]{macro: autolabel} DEBUG: Current version: 1.0
[[BUSE]]{macro: autolabel} DEBUG: Current version: 1.0
[[BUSE]]{macro: autolabel} DEBUG: Current version: 1.0
[[BUSE]]{macro: autolabel} DEBUG: Current version: 1.0
[[BUSE]]{macro: autolabel} DEBUG: Current version: 1.0
[[BUSE]]{macro: autolabel} DEBUG: Current version: 1.0
[[BUSE]]{macro: autolabel} DEBUG: Current version: 1.0
[[BUSE]]{macro: autolabel} DEBUG: Current version: 1.0
